#
# A fatal error has been detected by the Java Runtime Environment:
#
#  EXCEPTION_ACCESS_VIOLATION (0xc0000005) at pc=0x00007ffa3d2b6ffc, pid=17156, tid=0x0000000000003850
#
# JRE version: Java(TM) SE Runtime Environment (8.0_111-b14) (build 1.8.0_111-b14)
# Java VM: Java HotSpot(TM) 64-Bit Server VM (25.111-b14 mixed mode windows-amd64 compressed oops)
# Problematic frame:
# C  [nvd3dumx.dll+0x8b6ffc]
#
# Failed to write core dump. Minidumps are not enabled by default on client versions of Windows
#
# If you would like to submit a bug report, please visit:
#   http://bugreport.java.com/bugreport/crash.jsp
# The crash happened outside the Java Virtual Machine in native code.
# See problematic frame for where to report the bug.
#

---------------  T H R E A D  ---------------

Current thread (0x000000001dbad800):  JavaThread "AWT-Windows" daemon [_thread_in_native, id=14416, stack(0x000000001e430000,0x000000001e530000)]

siginfo: ExceptionCode=0xc0000005, reading address 0x0000000000000010

Registers:
RAX=0x0000000000000000, RBX=0x000000001e52b610, RCX=0x000000001fcd24c0, RDX=0x0000000000000001
RSP=0x000000001e52b1e0, RBP=0x000000001e52b6e0, RSI=0x000000001fcd2168, RDI=0x000000001fcd2150
R8 =0x0000000000000201, R9 =0x0000000000000001, R10=0x000000001fcd2970, R11=0x000000001e52b200
R12=0x0000000000000001, R13=0x0000000000000001, R14=0x0000000000000000, R15=0x0000000000000001
RIP=0x00007ffa3d2b6ffc, EFLAGS=0x0000000000010246

Top of Stack: (sp=0x000000001e52b1e0)
0x000000001e52b1e0:   000000001fce8480 0000000000000800
0x000000001e52b1f0:   000000001e52b670 0000000000a4e618
0x000000001e52b200:   0000000000000000 0000000000000000
0x000000001e52b210:   0000000000000001 000000001fccf3d0
0x000000001e52b220:   0000000000000000 0000000000000000
0x000000001e52b230:   0000000000000000 0000000000000000
0x000000001e52b240:   0000000000000000 0000000000000000
0x000000001e52b250:   0000000000000000 0000000000000000
0x000000001e52b260:   0000000000000000 0000000000000000
0x000000001e52b270:   0000000000000000 0000000000000000
0x000000001e52b280:   0000000000000000 0000000000000000
0x000000001e52b290:   0000000000000000 0000000000000000
0x000000001e52b2a0:   0000000000000000 0000000000000000
0x000000001e52b2b0:   0000000000000000 0000000000000000
0x000000001e52b2c0:   0000000000000000 0000000000000000
0x000000001e52b2d0:   0000000000000000 0000000000000000 

Instructions: (pc=0x00007ffa3d2b6ffc)
0x00007ffa3d2b6fdc:   4e 40 48 89 8c 24 38 02 00 00 c7 84 24 44 02 00
0x00007ffa3d2b6fec:   00 00 00 00 00 89 84 24 40 02 00 00 49 8b 42 70
0x00007ffa3d2b6ffc:   48 8b 40 10 48 85 c0 74 06 48 83 c0 30 eb 05 b8
0x00007ffa3d2b700c:   20 00 00 00 48 8b 00 48 89 44 24 20 49 8b 42 70 


Register to memory mapping:

RAX=0x0000000000000000 is an unknown value
RBX=0x000000001e52b610 is pointing into the stack for thread: 0x000000001dbad800
RCX=0x000000001fcd24c0 is an unknown value
RDX=0x0000000000000001 is an unknown value
RSP=0x000000001e52b1e0 is pointing into the stack for thread: 0x000000001dbad800
RBP=0x000000001e52b6e0 is pointing into the stack for thread: 0x000000001dbad800
RSI=0x000000001fcd2168 is an unknown value
RDI=0x000000001fcd2150 is an unknown value
R8 =0x0000000000000201 is an unknown value
R9 =0x0000000000000001 is an unknown value
R10=0x000000001fcd2970 is an unknown value
R11=0x000000001e52b200 is pointing into the stack for thread: 0x000000001dbad800
R12=0x0000000000000001 is an unknown value
R13=0x0000000000000001 is an unknown value
R14=0x0000000000000000 is an unknown value
R15=0x0000000000000001 is an unknown value


Stack: [0x000000001e430000,0x000000001e530000],  sp=0x000000001e52b1e0,  free space=1004k
Native frames: (J=compiled Java code, j=interpreted, Vv=VM code, C=native code)
C  [nvd3dumx.dll+0x8b6ffc]
C  [nvd3dumx.dll+0x8b7582]
C  [nvd3dumx.dll+0x8b6f04]
C  [nvd3dumx.dll+0x8bd66c]
C  [nvd3dumx.dll+0x8d3522]
C  [nvd3dumx.dll+0x8d3c68]
C  [nvd3dumx.dll+0x87dce7]
C  [nvd3dumx.dll+0x6fd064]
C  [nvd3dumx.dll+0x6e2ae9]
C  [nvd3dumx.dll+0x6fb098]
C  [nvd3dumx.dll+0x8795fa]
C  [nvd3dumx.dll+0x83f6e4]
C  [nvd3dumx.dll+0x8ccab1]
C  [nvd3dumx.dll+0x8bae9f]
C  [nvd3dumx.dll+0x8bba31]
C  [nvd3dumx.dll+0x8908bd]
C  [d3d9.dll+0x3ab7]
C  [d3d9.dll+0x5bb9]
C  [d3d9.dll+0x4350]
C  [d3d9.dll+0x2e81]
C  [d3d9.dll+0x2bc9e]
C  [d3d9.dll+0x287ca]
C  [awt.dll+0x19e3d]
C  [awt.dll+0x19f9b]
C  [awt.dll+0x1a94f]
C  [awt.dll+0x1e4d5]
C  [awt.dll+0x1b619]
C  0x0000000002897f74

Java frames: (J=compiled Java code, j=interpreted, Vv=VM code)
j  sun.java2d.d3d.D3DGraphicsDevice.getDeviceCapsNative(I)I+0
j  sun.java2d.d3d.D3DGraphicsDevice.access$000(I)I+1
j  sun.java2d.d3d.D3DGraphicsDevice$1.run()V+8
v  ~StubRoutines::call_stub
j  sun.awt.windows.WToolkit.eventLoop()V+0
j  sun.awt.windows.WToolkit.run()V+58
j  java.lang.Thread.run()V+11
v  ~StubRoutines::call_stub

---------------  P R O C E S S  ---------------

Java Threads: ( => current thread )
  0x0000000002781000 JavaThread "DestroyJavaVM" [_thread_blocked, id=6700, stack(0x0000000002680000,0x0000000002780000)]
  0x000000001ef14800 JavaThread "AWT-EventQueue-0" [_thread_in_native, id=14412, stack(0x000000001f6d0000,0x000000001f7d0000)]
=>0x000000001dbad800 JavaThread "AWT-Windows" daemon [_thread_in_native, id=14416, stack(0x000000001e430000,0x000000001e530000)]
  0x000000001dc18800 JavaThread "AWT-Shutdown" [_thread_blocked, id=14392, stack(0x000000001e330000,0x000000001e430000)]
  0x000000001dc18000 JavaThread "Java2D Disposer" daemon [_thread_blocked, id=14352, stack(0x000000001e230000,0x000000001e330000)]
  0x000000001bf2e000 JavaThread "Service Thread" daemon [_thread_blocked, id=11104, stack(0x000000001dc30000,0x000000001dd30000)]
  0x000000001becf800 JavaThread "C1 CompilerThread2" daemon [_thread_blocked, id=6268, stack(0x000000001d730000,0x000000001d830000)]
  0x000000001beca000 JavaThread "C2 CompilerThread1" daemon [_thread_blocked, id=11704, stack(0x000000001d630000,0x000000001d730000)]
  0x000000001bedb000 JavaThread "C2 CompilerThread0" daemon [_thread_blocked, id=5616, stack(0x000000001d530000,0x000000001d630000)]
  0x000000001bed8800 JavaThread "Attach Listener" daemon [_thread_blocked, id=9308, stack(0x000000001d430000,0x000000001d530000)]
  0x000000001bed7000 JavaThread "Signal Dispatcher" daemon [_thread_blocked, id=9972, stack(0x000000001d330000,0x000000001d430000)]
  0x000000001beb9000 JavaThread "Finalizer" daemon [_thread_blocked, id=14016, stack(0x000000001d120000,0x000000001d220000)]
  0x0000000002871000 JavaThread "Reference Handler" daemon [_thread_blocked, id=7788, stack(0x000000001d020000,0x000000001d120000)]

Other Threads:
  0x000000001be97000 VMThread [stack: 0x000000001cf20000,0x000000001d020000] [id=13976]
  0x000000001d88d000 WatcherThread [stack: 0x000000001e130000,0x000000001e230000] [id=14340]

VM state:not at safepoint (normal execution)

VM Mutex/Monitor currently owned by a thread: None

Heap:
 PSYoungGen      total 76288K, used 9175K [0x000000076af80000, 0x0000000770480000, 0x00000007c0000000)
  eden space 65536K, 14% used [0x000000076af80000,0x000000076b875ef0,0x000000076ef80000)
  from space 10752K, 0% used [0x000000076fa00000,0x000000076fa00000,0x0000000770480000)
  to   space 10752K, 0% used [0x000000076ef80000,0x000000076ef80000,0x000000076fa00000)
 ParOldGen       total 175104K, used 0K [0x00000006c0e00000, 0x00000006cb900000, 0x000000076af80000)
  object space 175104K, 0% used [0x00000006c0e00000,0x00000006c0e00000,0x00000006cb900000)
 Metaspace       used 8228K, capacity 8406K, committed 8576K, reserved 1056768K
  class space    used 1039K, capacity 1120K, committed 1152K, reserved 1048576K

Card table byte_map: [0x0000000011c40000,0x0000000012440000] byte_map_base: 0x000000000e639000

Marking Bits: (ParMarkBitMap*) 0x000000005494a6c0
 Begin Bits: [0x0000000012da0000, 0x0000000016d68000)
 End Bits:   [0x0000000016d68000, 0x000000001ad30000)

Polling page: 0x0000000000c90000

CodeCache: size=245760Kb used=1679Kb max_used=1679Kb free=244080Kb
 bounds [0x0000000002880000, 0x0000000002af0000, 0x0000000011880000]
 total_blobs=676 nmethods=293 adapters=296
 compilation: enabled

Compilation events (10 events):
Event: 0.172 Thread 0x000000001becf800  288       3       javax.swing.plaf.nimbus.AbstractRegionPainter$PaintContext::<init> (281 bytes)
Event: 0.172 Thread 0x000000001becf800 nmethod 288 0x0000000002a20c50 code [0x0000000002a20e20, 0x0000000002a21528]
Event: 0.174 Thread 0x000000001becf800  289       1       java.awt.Color::getRGB (5 bytes)
Event: 0.174 Thread 0x000000001becf800 nmethod 289 0x0000000002a21f10 code [0x0000000002a22060, 0x0000000002a22170]
Event: 0.174 Thread 0x000000001becf800  290       3       java.util.LinkedList$ListItr::hasNext (20 bytes)
Event: 0.174 Thread 0x000000001becf800 nmethod 290 0x0000000002a221d0 code [0x0000000002a22320, 0x0000000002a224f0]
Event: 0.174 Thread 0x000000001becf800  291   !   3       sun.awt.AppContext::get (123 bytes)
Event: 0.174 Thread 0x000000001becf800 nmethod 291 0x0000000002a22590 code [0x0000000002a22740, 0x0000000002a23068]
Event: 0.174 Thread 0x000000001becf800  292  s    1       java.util.Vector::size (5 bytes)
Event: 0.174 Thread 0x000000001becf800 nmethod 292 0x0000000002a234d0 code [0x0000000002a23620, 0x0000000002a23890]

GC Heap History (0 events):
No events

Deoptimization events (1 events):
Event: 0.130 Thread 0x0000000002781000 Uncommon trap: reason=null_check action=make_not_entrant pc=0x00000000029eeac4 method=java.lang.String.equals(Ljava/lang/Object;)Z @ 8

Internal exceptions (10 events):
Event: 0.164 Thread 0x0000000002781000 Exception <a 'java/lang/ClassNotFoundException': ToolBar> (0x000000076b4bf4c8) thrown at [C:\re\workspace\8-2-build-windows-amd64-cygwin\jdk8u111\7883\hotspot\src\share\vm\classfile\systemDictionary.cpp, line 210]
Event: 0.164 Thread 0x0000000002781000 Exception <a 'java/lang/ClassNotFoundException': ToggleButton> (0x000000076b4bfa78) thrown at [C:\re\workspace\8-2-build-windows-amd64-cygwin\jdk8u111\7883\hotspot\src\share\vm\classfile\systemDictionary.cpp, line 210]
Event: 0.164 Thread 0x0000000002781000 Exception <a 'java/lang/ClassNotFoundException': javax/swing/JToolBarSeparator> (0x000000076b4bfed8) thrown at [C:\re\workspace\8-2-build-windows-amd64-cygwin\jdk8u111\7883\hotspot\src\share\vm\classfile\systemDictionary.cpp, line 210]
Event: 0.164 Thread 0x0000000002781000 Exception <a 'java/lang/ClassNotFoundException': ToolBarSeparator> (0x000000076b4c0370) thrown at [C:\re\workspace\8-2-build-windows-amd64-cygwin\jdk8u111\7883\hotspot\src\share\vm\classfile\systemDictionary.cpp, line 210]
Event: 0.164 Thread 0x0000000002781000 Exception <a 'java/lang/ClassNotFoundException': ToolTip> (0x000000076b4c0ab0) thrown at [C:\re\workspace\8-2-build-windows-amd64-cygwin\jdk8u111\7883\hotspot\src\share\vm\classfile\systemDictionary.cpp, line 210]
Event: 0.165 Thread 0x0000000002781000 Exception <a 'java/lang/ClassNotFoundException': Tree> (0x000000076b4c16d0) thrown at [C:\re\workspace\8-2-build-windows-amd64-cygwin\jdk8u111\7883\hotspot\src\share\vm\classfile\systemDictionary.cpp, line 210]
Event: 0.165 Thread 0x0000000002781000 Exception <a 'java/lang/ClassNotFoundException': Tree> (0x000000076b4c1e10) thrown at [C:\re\workspace\8-2-build-windows-amd64-cygwin\jdk8u111\7883\hotspot\src\share\vm\classfile\systemDictionary.cpp, line 210]
Event: 0.165 Thread 0x0000000002781000 Exception <a 'java/lang/ClassNotFoundException': javax/swing/JTreeCell> (0x000000076b4c2190) thrown at [C:\re\workspace\8-2-build-windows-amd64-cygwin\jdk8u111\7883\hotspot\src\share\vm\classfile\systemDictionary.cpp, line 210]
Event: 0.165 Thread 0x0000000002781000 Exception <a 'java/lang/ClassNotFoundException': TreeCell> (0x000000076b4c2618) thrown at [C:\re\workspace\8-2-build-windows-amd64-cygwin\jdk8u111\7883\hotspot\src\share\vm\classfile\systemDictionary.cpp, line 210]
Event: 0.165 Thread 0x0000000002781000 Exception <a 'java/lang/ClassNotFoundException': RootPane> (0x000000076b4c3078) thrown at [C:\re\workspace\8-2-build-windows-amd64-cygwin\jdk8u111\7883\hotspot\src\share\vm\classfile\systemDictionary.cpp, line 210]

Events (10 events):
Event: 0.191 loading class sun/java2d/pipe/RenderQueue done
Event: 0.191 loading class sun/java2d/d3d/D3DRenderQueue done
Event: 0.191 loading class sun/java2d/pipe/RenderBuffer
Event: 0.191 loading class sun/java2d/pipe/RenderBuffer done
Event: 0.191 loading class sun/java2d/d3d/D3DRenderQueue$1
Event: 0.191 loading class sun/java2d/d3d/D3DRenderQueue$1 done
Event: 0.191 loading class sun/java2d/d3d/D3DGraphicsDevice$1Result
Event: 0.191 loading class sun/java2d/d3d/D3DGraphicsDevice$1Result done
Event: 0.191 loading class sun/java2d/d3d/D3DGraphicsDevice$1
Event: 0.191 loading class sun/java2d/d3d/D3DGraphicsDevice$1 done


Dynamic libraries:
0x00007ff640600000 - 0x00007ff640637000 	C:\Program Files\Java\jdk1.8.0_111\jre\bin\java.exe
0x00007ffa732c0000 - 0x00007ffa73491000 	C:\WINDOWS\SYSTEM32\ntdll.dll
0x00007ffa712d0000 - 0x00007ffa7137b000 	C:\WINDOWS\System32\KERNEL32.DLL
0x00007ffa6ff90000 - 0x00007ffa701ad000 	C:\WINDOWS\System32\KERNELBASE.dll
0x00007ffa70850000 - 0x00007ffa708f2000 	C:\WINDOWS\System32\ADVAPI32.dll
0x00007ffa731b0000 - 0x00007ffa7324e000 	C:\WINDOWS\System32\msvcrt.dll
0x00007ffa70a10000 - 0x00007ffa70a69000 	C:\WINDOWS\System32\sechost.dll
0x00007ffa73080000 - 0x00007ffa731a1000 	C:\WINDOWS\System32\RPCRT4.dll
0x00007ffa72950000 - 0x00007ffa72ab5000 	C:\WINDOWS\System32\USER32.dll
0x00007ffa70780000 - 0x00007ffa7079e000 	C:\WINDOWS\System32\win32u.dll
0x00007ffa72ea0000 - 0x00007ffa72ed4000 	C:\WINDOWS\System32\GDI32.dll
0x00007ffa705f0000 - 0x00007ffa70772000 	C:\WINDOWS\System32\gdi32full.dll
0x00007ffa67b90000 - 0x00007ffa67e0a000 	C:\WINDOWS\WinSxS\amd64_microsoft.windows.common-controls_6595b64144ccf1df_6.0.14393.953_none_42151e83c686086b\COMCTL32.dll
0x00007ffa72b40000 - 0x00007ffa72e08000 	C:\WINDOWS\System32\combase.dll
0x00007ffa702b0000 - 0x00007ffa703a5000 	C:\WINDOWS\System32\ucrtbase.dll
0x00007ffa70580000 - 0x00007ffa705ea000 	C:\WINDOWS\System32\bcryptPrimitives.dll
0x00007ffa72e70000 - 0x00007ffa72e9e000 	C:\WINDOWS\System32\IMM32.DLL
0x0000000054050000 - 0x0000000054122000 	C:\Program Files\Java\jdk1.8.0_111\jre\bin\msvcr100.dll
0x0000000054130000 - 0x00000000549ca000 	C:\Program Files\Java\jdk1.8.0_111\jre\bin\server\jvm.dll
0x00007ffa70a70000 - 0x00007ffa70a78000 	C:\WINDOWS\System32\PSAPI.DLL
0x00007ffa687d0000 - 0x00007ffa687d9000 	C:\WINDOWS\SYSTEM32\WSOCK32.dll
0x00007ffa6dc20000 - 0x00007ffa6dc43000 	C:\WINDOWS\SYSTEM32\WINMM.dll
0x00007ffa6b320000 - 0x00007ffa6b32a000 	C:\WINDOWS\SYSTEM32\VERSION.dll
0x00007ffa6dbf0000 - 0x00007ffa6dc1b000 	C:\WINDOWS\SYSTEM32\WINMMBASE.dll
0x00007ffa701b0000 - 0x00007ffa701f2000 	C:\WINDOWS\System32\cfgmgr32.dll
0x00007ffa73250000 - 0x00007ffa732ba000 	C:\WINDOWS\System32\WS2_32.dll
0x0000000054000000 - 0x000000005400f000 	C:\Program Files\Java\jdk1.8.0_111\jre\bin\verify.dll
0x0000000053fd0000 - 0x0000000053ff9000 	C:\Program Files\Java\jdk1.8.0_111\jre\bin\java.dll
0x0000000053fb0000 - 0x0000000053fc6000 	C:\Program Files\Java\jdk1.8.0_111\jre\bin\zip.dll
0x00007ffa71440000 - 0x00007ffa72949000 	C:\WINDOWS\System32\SHELL32.dll
0x00007ffa6f7b0000 - 0x00007ffa6fe8a000 	C:\WINDOWS\System32\windows.storage.dll
0x00007ffa6f760000 - 0x00007ffa6f7ac000 	C:\WINDOWS\System32\powrprof.dll
0x00007ffa72ae0000 - 0x00007ffa72b32000 	C:\WINDOWS\System32\shlwapi.dll
0x00007ffa6f750000 - 0x00007ffa6f75f000 	C:\WINDOWS\System32\kernel.appcore.dll
0x00007ffa70200000 - 0x00007ffa702a9000 	C:\WINDOWS\System32\shcore.dll
0x00007ffa6f720000 - 0x00007ffa6f734000 	C:\WINDOWS\System32\profapi.dll
0x00000000539a0000 - 0x0000000053b38000 	C:\Program Files\Java\jdk1.8.0_111\jre\bin\awt.dll
0x00007ffa71380000 - 0x00007ffa7143f000 	C:\WINDOWS\System32\OLEAUT32.dll
0x00007ffa6fef0000 - 0x00007ffa6ff8c000 	C:\WINDOWS\System32\msvcp_win.dll
0x00007ffa6db40000 - 0x00007ffa6dbba000 	C:\WINDOWS\SYSTEM32\apphelp.dll
0x00007ffa6dea0000 - 0x00007ffa6df35000 	C:\WINDOWS\system32\uxtheme.dll
0x00007ffa70af0000 - 0x00007ffa70c4a000 	C:\WINDOWS\System32\MSCTF.dll
0x00007ffa6dc60000 - 0x00007ffa6dc86000 	C:\WINDOWS\system32\dwmapi.dll
0x00007ffa71190000 - 0x00007ffa712c7000 	C:\WINDOWS\System32\ole32.dll
0x0000000053e20000 - 0x0000000053e67000 	C:\Program Files\Java\jdk1.8.0_111\jre\bin\fontmanager.dll
0x00007ffa46d60000 - 0x00007ffa46eed000 	C:\WINDOWS\system32\d3d9.dll
0x00007ffa3ca00000 - 0x00007ffa3da0f000 	C:\WINDOWS\System32\DriverStore\FileRepository\nv_dispi.inf_amd64_0cc477a6fec64d8c\nvd3dumx.dll
0x00007ffa646e0000 - 0x00007ffa648b1000 	C:\WINDOWS\system32\nvspcap64.dll
0x00007ffa70cc0000 - 0x00007ffa710e9000 	C:\WINDOWS\System32\SETUPAPI.dll
0x00007ffa6c3c0000 - 0x00007ffa6c48d000 	C:\WINDOWS\SYSTEM32\WINHTTP.dll
0x00007ffa6cec0000 - 0x00007ffa6ced3000 	C:\WINDOWS\SYSTEM32\WTSAPI32.dll
0x00007ffa68e00000 - 0x00007ffa6921e000 	C:\WINDOWS\system32\nvapi64.dll
0x00007ffa6e6a0000 - 0x00007ffa6e73f000 	C:\WINDOWS\SYSTEM32\dxgi.dll
0x00007ffa6e3e0000 - 0x00007ffa6e408000 	C:\WINDOWS\SYSTEM32\DEVOBJ.dll
0x00007ffa6fe90000 - 0x00007ffa6fee5000 	C:\WINDOWS\System32\WINTRUST.dll
0x00007ffa6f740000 - 0x00007ffa6f750000 	C:\WINDOWS\System32\MSASN1.dll
0x00007ffa703b0000 - 0x00007ffa70579000 	C:\WINDOWS\System32\CRYPT32.dll
0x00007ffa60940000 - 0x00007ffa60ad2000 	C:\WINDOWS\SYSTEM32\dbghelp.dll

VM Arguments:
jvm_args: -Dfile.encoding=UTF-8 
java_command: codigo.Ventana
java_class_path (initial): E:\COLEGIO DOCUMENTOS\Netbeans entorno de trabajo\CopterRojo5\build\classes
Launcher Type: SUN_STANDARD

Environment Variables:
PATH=C:\ProgramData\Oracle\Java\javapath;C:\Program Files (x86)\Common Files\Intel\Shared Libraries\redist\intel64\compiler;C:\Windows\system32;C:\Windows;C:\Windows\System32\Wbem;C:\Windows\System32\WindowsPowerShell\v1.0\;C:\Program Files (x86)\NVIDIA Corporation\PhysX\Common;C:\Program Files (x86)\Skype\Phone\;C:\WINDOWS\system32;C:\WINDOWS;C:\WINDOWS\System32\Wbem;C:\WINDOWS\System32\WindowsPowerShell\v1.0\;E:\Angular 2\nodeJS\;C:\Program Files (x86)\GtkSharp\2.12\bin;C:\Program Files (x86)\Windows Live\Shared;E:\Programas\PuTTY\;C:\Users\Usuario\AppData\Local\Microsoft\WindowsApps;C:\Users\Usuario\AppData\Roaming\npm
USERNAME=Usuario
OS=Windows_NT
PROCESSOR_IDENTIFIER=Intel64 Family 6 Model 94 Stepping 3, GenuineIntel



---------------  S Y S T E M  ---------------

OS: Windows 10.0 , 64 bit Build 14393 (10.0.14393.0)

CPU:total 4 (4 cores per cpu, 1 threads per core) family 6 model 94 stepping 3, cmov, cx8, fxsr, mmx, sse, sse2, sse3, ssse3, sse4.1, sse4.2, popcnt, avx, avx2, aes, clmul, erms, rtm, 3dnowpref, lzcnt, tsc, tscinvbit, bmi1, bmi2, adx

Memory: 4k page, physical 16712304k(8571724k free), swap 26653112k(2944940k free)

vm_info: Java HotSpot(TM) 64-Bit Server VM (25.111-b14) for windows-amd64 JRE (1.8.0_111-b14), built on Sep 22 2016 19:24:05 by "java_re" with MS VC++ 10.0 (VS2010)

time: Tue Mar 21 20:06:12 2017
elapsed time: 0 seconds (0d 0h 0m 0s)

