#
# A fatal error has been detected by the Java Runtime Environment:
#
#  EXCEPTION_ACCESS_VIOLATION (0xc0000005) at pc=0x00007ffa3d2b6ffc, pid=14680, tid=0x0000000000003ae8
#
# JRE version: Java(TM) SE Runtime Environment (8.0_111-b14) (build 1.8.0_111-b14)
# Java VM: Java HotSpot(TM) 64-Bit Server VM (25.111-b14 mixed mode windows-amd64 compressed oops)
# Problematic frame:
# C  [nvd3dumx.dll+0x8b6ffc]
#
# Failed to write core dump. Minidumps are not enabled by default on client versions of Windows
#
# If you would like to submit a bug report, please visit:
#   http://bugreport.java.com/bugreport/crash.jsp
# The crash happened outside the Java Virtual Machine in native code.
# See problematic frame for where to report the bug.
#

---------------  T H R E A D  ---------------

Current thread (0x000000001e075800):  JavaThread "AWT-Windows" daemon [_thread_in_native, id=15080, stack(0x000000001e880000,0x000000001e980000)]

siginfo: ExceptionCode=0xc0000005, reading address 0x0000000000000010

Registers:
RAX=0x0000000000000000, RBX=0x000000001e97b530, RCX=0x0000000000df5b90, RDX=0x0000000000000001
RSP=0x000000001e97b100, RBP=0x000000001e97b600, RSI=0x0000000000df5838, RDI=0x0000000000df5820
R8 =0x0000000000000201, R9 =0x0000000000000001, R10=0x0000000000dec6c0, R11=0x000000001e97b120
R12=0x0000000000000001, R13=0x0000000000000001, R14=0x0000000000000000, R15=0x0000000000000001
RIP=0x00007ffa3d2b6ffc, EFLAGS=0x0000000000010246

Top of Stack: (sp=0x000000001e97b100)
0x000000001e97b100:   0000000000df2f60 0000000000000800
0x000000001e97b110:   000000001e97b590 00000000200e10f8
0x000000001e97b120:   0000000000000000 0000000000000000
0x000000001e97b130:   0000000000000001 0000000000df4e00
0x000000001e97b140:   0000000000000000 0000000000000000
0x000000001e97b150:   0000000000000000 0000000000000000
0x000000001e97b160:   0000000000000000 0000000000000000
0x000000001e97b170:   0000000000000000 0000000000000000
0x000000001e97b180:   0000000000000000 0000000000000000
0x000000001e97b190:   0000000000000000 0000000000000000
0x000000001e97b1a0:   0000000000000000 0000000000000000
0x000000001e97b1b0:   0000000000000000 0000000000000000
0x000000001e97b1c0:   0000000000000000 0000000000000000
0x000000001e97b1d0:   0000000000000000 0000000000000000
0x000000001e97b1e0:   0000000000000000 0000000000000000
0x000000001e97b1f0:   0000000000000000 0000000000000000 

Instructions: (pc=0x00007ffa3d2b6ffc)
0x00007ffa3d2b6fdc:   4e 40 48 89 8c 24 38 02 00 00 c7 84 24 44 02 00
0x00007ffa3d2b6fec:   00 00 00 00 00 89 84 24 40 02 00 00 49 8b 42 70
0x00007ffa3d2b6ffc:   48 8b 40 10 48 85 c0 74 06 48 83 c0 30 eb 05 b8
0x00007ffa3d2b700c:   20 00 00 00 48 8b 00 48 89 44 24 20 49 8b 42 70 


Register to memory mapping:

RAX=0x0000000000000000 is an unknown value
RBX=0x000000001e97b530 is pointing into the stack for thread: 0x000000001e075800
RCX=0x0000000000df5b90 is an unknown value
RDX=0x0000000000000001 is an unknown value
RSP=0x000000001e97b100 is pointing into the stack for thread: 0x000000001e075800
RBP=0x000000001e97b600 is pointing into the stack for thread: 0x000000001e075800
RSI=0x0000000000df5838 is an unknown value
RDI=0x0000000000df5820 is an unknown value
R8 =0x0000000000000201 is an unknown value
R9 =0x0000000000000001 is an unknown value
R10=0x0000000000dec6c0 is an unknown value
R11=0x000000001e97b120 is pointing into the stack for thread: 0x000000001e075800
R12=0x0000000000000001 is an unknown value
R13=0x0000000000000001 is an unknown value
R14=0x0000000000000000 is an unknown value
R15=0x0000000000000001 is an unknown value


Stack: [0x000000001e880000,0x000000001e980000],  sp=0x000000001e97b100,  free space=1004k
Native frames: (J=compiled Java code, j=interpreted, Vv=VM code, C=native code)
C  [nvd3dumx.dll+0x8b6ffc]
C  [nvd3dumx.dll+0x8b7582]
C  [nvd3dumx.dll+0x8b6f04]
C  [nvd3dumx.dll+0x8bd66c]
C  [nvd3dumx.dll+0x8d3522]
C  [nvd3dumx.dll+0x8d3c68]
C  [nvd3dumx.dll+0x87dce7]
C  [nvd3dumx.dll+0x6fd064]
C  [nvd3dumx.dll+0x6e2ae9]
C  [nvd3dumx.dll+0x6fb098]
C  [nvd3dumx.dll+0x8795fa]
C  [nvd3dumx.dll+0x83f6e4]
C  [nvd3dumx.dll+0x8ccab1]
C  [nvd3dumx.dll+0x8bae9f]
C  [nvd3dumx.dll+0x8bba31]
C  [nvd3dumx.dll+0x8908bd]
C  [d3d9.dll+0x3ab7]
C  [d3d9.dll+0x5bb9]
C  [d3d9.dll+0x4350]
C  [d3d9.dll+0x2e81]
C  [d3d9.dll+0x2bc9e]
C  [d3d9.dll+0x287ca]
C  [awt.dll+0x19e3d]
C  [awt.dll+0x19f9b]
C  [awt.dll+0x1a94f]
C  [awt.dll+0x1e4d5]
C  [awt.dll+0x1b619]
C  0x0000000002ce7f74

Java frames: (J=compiled Java code, j=interpreted, Vv=VM code)
j  sun.java2d.d3d.D3DGraphicsDevice.getDeviceCapsNative(I)I+0
j  sun.java2d.d3d.D3DGraphicsDevice.access$000(I)I+1
j  sun.java2d.d3d.D3DGraphicsDevice$1.run()V+8
v  ~StubRoutines::call_stub
j  sun.awt.windows.WToolkit.eventLoop()V+0
j  sun.awt.windows.WToolkit.run()V+58
j  java.lang.Thread.run()V+11
v  ~StubRoutines::call_stub

---------------  P R O C E S S  ---------------

Java Threads: ( => current thread )
  0x0000000002bd1000 JavaThread "DestroyJavaVM" [_thread_blocked, id=17220, stack(0x0000000002ad0000,0x0000000002bd0000)]
  0x000000001f292000 JavaThread "AWT-EventQueue-0" [_thread_in_native, id=15076, stack(0x000000001fa40000,0x000000001fb40000)]
=>0x000000001e075800 JavaThread "AWT-Windows" daemon [_thread_in_native, id=15080, stack(0x000000001e880000,0x000000001e980000)]
  0x000000001e02d000 JavaThread "AWT-Shutdown" [_thread_blocked, id=15084, stack(0x000000001e780000,0x000000001e880000)]
  0x000000001e02f800 JavaThread "Java2D Disposer" daemon [_thread_blocked, id=15128, stack(0x000000001e680000,0x000000001e780000)]
  0x000000001dcb0800 JavaThread "Service Thread" daemon [_thread_blocked, id=15052, stack(0x000000001e080000,0x000000001e180000)]
  0x000000001c325800 JavaThread "C1 CompilerThread2" daemon [_thread_blocked, id=14812, stack(0x000000001db80000,0x000000001dc80000)]
  0x000000001c31f000 JavaThread "C2 CompilerThread1" daemon [_thread_blocked, id=9600, stack(0x000000001da80000,0x000000001db80000)]
  0x000000001c31d000 JavaThread "C2 CompilerThread0" daemon [_thread_blocked, id=6696, stack(0x000000001d980000,0x000000001da80000)]
  0x000000001c31a800 JavaThread "Attach Listener" daemon [_thread_blocked, id=11028, stack(0x000000001d880000,0x000000001d980000)]
  0x000000001c319800 JavaThread "Signal Dispatcher" daemon [_thread_blocked, id=12896, stack(0x000000001d780000,0x000000001d880000)]
  0x000000001c309800 JavaThread "Finalizer" daemon [_thread_blocked, id=12756, stack(0x000000001d570000,0x000000001d670000)]
  0x0000000002cc1000 JavaThread "Reference Handler" daemon [_thread_blocked, id=14920, stack(0x000000001d470000,0x000000001d570000)]

Other Threads:
  0x000000001c2e7000 VMThread [stack: 0x000000001d370000,0x000000001d470000] [id=14880]
  0x000000001c37c000 WatcherThread [stack: 0x000000001e580000,0x000000001e680000] [id=15132]

VM state:not at safepoint (normal execution)

VM Mutex/Monitor currently owned by a thread: None

Heap:
 PSYoungGen      total 76288K, used 9175K [0x000000076af80000, 0x0000000770480000, 0x00000007c0000000)
  eden space 65536K, 14% used [0x000000076af80000,0x000000076b875ed8,0x000000076ef80000)
  from space 10752K, 0% used [0x000000076fa00000,0x000000076fa00000,0x0000000770480000)
  to   space 10752K, 0% used [0x000000076ef80000,0x000000076ef80000,0x000000076fa00000)
 ParOldGen       total 175104K, used 0K [0x00000006c0e00000, 0x00000006cb900000, 0x000000076af80000)
  object space 175104K, 0% used [0x00000006c0e00000,0x00000006c0e00000,0x00000006cb900000)
 Metaspace       used 8238K, capacity 8410K, committed 8576K, reserved 1056768K
  class space    used 1039K, capacity 1120K, committed 1152K, reserved 1048576K

Card table byte_map: [0x0000000012090000,0x0000000012890000] byte_map_base: 0x000000000ea89000

Marking Bits: (ParMarkBitMap*) 0x000000005494a6c0
 Begin Bits: [0x00000000131f0000, 0x00000000171b8000)
 End Bits:   [0x00000000171b8000, 0x000000001b180000)

Polling page: 0x0000000001280000

CodeCache: size=245760Kb used=1671Kb max_used=1671Kb free=244088Kb
 bounds [0x0000000002cd0000, 0x0000000002f40000, 0x0000000011cd0000]
 total_blobs=670 nmethods=287 adapters=296
 compilation: enabled

Compilation events (10 events):
Event: 0.182 Thread 0x000000001c325800  282       3       javax.swing.plaf.nimbus.NimbusDefaults$LazyPainter::<init> (51 bytes)
Event: 0.183 Thread 0x000000001c325800 nmethod 282 0x0000000002e6fb10 code [0x0000000002e6fca0, 0x0000000002e70058]
Event: 0.184 Thread 0x000000001c325800  284       3       java.util.LinkedList$ListItr::hasNext (20 bytes)
Event: 0.184 Thread 0x000000001c325800 nmethod 284 0x0000000002e70a10 code [0x0000000002e70b60, 0x0000000002e70d30]
Event: 0.184 Thread 0x000000001c325800  285       3       sun.misc.VM::allowArraySyntax (4 bytes)
Event: 0.184 Thread 0x000000001c325800 nmethod 285 0x0000000002e70dd0 code [0x0000000002e70f20, 0x0000000002e71070]
Event: 0.184 Thread 0x000000001c325800  283       1       java.awt.Color::getRGB (5 bytes)
Event: 0.184 Thread 0x000000001c325800 nmethod 283 0x0000000002e710d0 code [0x0000000002e71220, 0x0000000002e71330]
Event: 0.184 Thread 0x000000001c325800  286  s    1       java.util.Vector::size (5 bytes)
Event: 0.185 Thread 0x000000001c325800 nmethod 286 0x0000000002e71390 code [0x0000000002e714e0, 0x0000000002e71750]

GC Heap History (0 events):
No events

Deoptimization events (1 events):
Event: 0.139 Thread 0x0000000002bd1000 Uncommon trap: reason=null_check action=make_not_entrant pc=0x0000000002e3e944 method=java.lang.String.equals(Ljava/lang/Object;)Z @ 8

Internal exceptions (10 events):
Event: 0.174 Thread 0x0000000002bd1000 Exception <a 'java/lang/ClassNotFoundException': ToolBar> (0x000000076b4bf390) thrown at [C:\re\workspace\8-2-build-windows-amd64-cygwin\jdk8u111\7883\hotspot\src\share\vm\classfile\systemDictionary.cpp, line 210]
Event: 0.174 Thread 0x0000000002bd1000 Exception <a 'java/lang/ClassNotFoundException': ToggleButton> (0x000000076b4bf940) thrown at [C:\re\workspace\8-2-build-windows-amd64-cygwin\jdk8u111\7883\hotspot\src\share\vm\classfile\systemDictionary.cpp, line 210]
Event: 0.175 Thread 0x0000000002bd1000 Exception <a 'java/lang/ClassNotFoundException': javax/swing/JToolBarSeparator> (0x000000076b4bfda0) thrown at [C:\re\workspace\8-2-build-windows-amd64-cygwin\jdk8u111\7883\hotspot\src\share\vm\classfile\systemDictionary.cpp, line 210]
Event: 0.175 Thread 0x0000000002bd1000 Exception <a 'java/lang/ClassNotFoundException': ToolBarSeparator> (0x000000076b4c0238) thrown at [C:\re\workspace\8-2-build-windows-amd64-cygwin\jdk8u111\7883\hotspot\src\share\vm\classfile\systemDictionary.cpp, line 210]
Event: 0.175 Thread 0x0000000002bd1000 Exception <a 'java/lang/ClassNotFoundException': ToolTip> (0x000000076b4c0978) thrown at [C:\re\workspace\8-2-build-windows-amd64-cygwin\jdk8u111\7883\hotspot\src\share\vm\classfile\systemDictionary.cpp, line 210]
Event: 0.175 Thread 0x0000000002bd1000 Exception <a 'java/lang/ClassNotFoundException': Tree> (0x000000076b4c1598) thrown at [C:\re\workspace\8-2-build-windows-amd64-cygwin\jdk8u111\7883\hotspot\src\share\vm\classfile\systemDictionary.cpp, line 210]
Event: 0.175 Thread 0x0000000002bd1000 Exception <a 'java/lang/ClassNotFoundException': Tree> (0x000000076b4c1cd8) thrown at [C:\re\workspace\8-2-build-windows-amd64-cygwin\jdk8u111\7883\hotspot\src\share\vm\classfile\systemDictionary.cpp, line 210]
Event: 0.175 Thread 0x0000000002bd1000 Exception <a 'java/lang/ClassNotFoundException': javax/swing/JTreeCell> (0x000000076b4c2058) thrown at [C:\re\workspace\8-2-build-windows-amd64-cygwin\jdk8u111\7883\hotspot\src\share\vm\classfile\systemDictionary.cpp, line 210]
Event: 0.175 Thread 0x0000000002bd1000 Exception <a 'java/lang/ClassNotFoundException': TreeCell> (0x000000076b4c24e0) thrown at [C:\re\workspace\8-2-build-windows-amd64-cygwin\jdk8u111\7883\hotspot\src\share\vm\classfile\systemDictionary.cpp, line 210]
Event: 0.176 Thread 0x0000000002bd1000 Exception <a 'java/lang/ClassNotFoundException': RootPane> (0x000000076b4c2f40) thrown at [C:\re\workspace\8-2-build-windows-amd64-cygwin\jdk8u111\7883\hotspot\src\share\vm\classfile\systemDictionary.cpp, line 210]

Events (10 events):
Event: 0.201 loading class sun/java2d/pipe/RenderQueue done
Event: 0.201 loading class sun/java2d/d3d/D3DRenderQueue done
Event: 0.201 loading class sun/java2d/pipe/RenderBuffer
Event: 0.201 loading class sun/java2d/pipe/RenderBuffer done
Event: 0.202 loading class sun/java2d/d3d/D3DRenderQueue$1
Event: 0.202 loading class sun/java2d/d3d/D3DRenderQueue$1 done
Event: 0.202 loading class sun/java2d/d3d/D3DGraphicsDevice$1Result
Event: 0.202 loading class sun/java2d/d3d/D3DGraphicsDevice$1Result done
Event: 0.202 loading class sun/java2d/d3d/D3DGraphicsDevice$1
Event: 0.202 loading class sun/java2d/d3d/D3DGraphicsDevice$1 done


Dynamic libraries:
0x00007ff640600000 - 0x00007ff640637000 	C:\Program Files\Java\jdk1.8.0_111\jre\bin\java.exe
0x00007ffa732c0000 - 0x00007ffa73491000 	C:\WINDOWS\SYSTEM32\ntdll.dll
0x00007ffa712d0000 - 0x00007ffa7137b000 	C:\WINDOWS\System32\KERNEL32.DLL
0x00007ffa6ff90000 - 0x00007ffa701ad000 	C:\WINDOWS\System32\KERNELBASE.dll
0x00007ffa70850000 - 0x00007ffa708f2000 	C:\WINDOWS\System32\ADVAPI32.dll
0x00007ffa731b0000 - 0x00007ffa7324e000 	C:\WINDOWS\System32\msvcrt.dll
0x00007ffa70a10000 - 0x00007ffa70a69000 	C:\WINDOWS\System32\sechost.dll
0x00007ffa73080000 - 0x00007ffa731a1000 	C:\WINDOWS\System32\RPCRT4.dll
0x00007ffa72950000 - 0x00007ffa72ab5000 	C:\WINDOWS\System32\USER32.dll
0x00007ffa70780000 - 0x00007ffa7079e000 	C:\WINDOWS\System32\win32u.dll
0x00007ffa72ea0000 - 0x00007ffa72ed4000 	C:\WINDOWS\System32\GDI32.dll
0x00007ffa705f0000 - 0x00007ffa70772000 	C:\WINDOWS\System32\gdi32full.dll
0x00007ffa67b90000 - 0x00007ffa67e0a000 	C:\WINDOWS\WinSxS\amd64_microsoft.windows.common-controls_6595b64144ccf1df_6.0.14393.953_none_42151e83c686086b\COMCTL32.dll
0x00007ffa72b40000 - 0x00007ffa72e08000 	C:\WINDOWS\System32\combase.dll
0x00007ffa702b0000 - 0x00007ffa703a5000 	C:\WINDOWS\System32\ucrtbase.dll
0x00007ffa70580000 - 0x00007ffa705ea000 	C:\WINDOWS\System32\bcryptPrimitives.dll
0x00007ffa72e70000 - 0x00007ffa72e9e000 	C:\WINDOWS\System32\IMM32.DLL
0x0000000054050000 - 0x0000000054122000 	C:\Program Files\Java\jdk1.8.0_111\jre\bin\msvcr100.dll
0x0000000054130000 - 0x00000000549ca000 	C:\Program Files\Java\jdk1.8.0_111\jre\bin\server\jvm.dll
0x00007ffa70a70000 - 0x00007ffa70a78000 	C:\WINDOWS\System32\PSAPI.DLL
0x00007ffa6dc20000 - 0x00007ffa6dc43000 	C:\WINDOWS\SYSTEM32\WINMM.dll
0x00007ffa687d0000 - 0x00007ffa687d9000 	C:\WINDOWS\SYSTEM32\WSOCK32.dll
0x00007ffa6b320000 - 0x00007ffa6b32a000 	C:\WINDOWS\SYSTEM32\VERSION.dll
0x00007ffa73250000 - 0x00007ffa732ba000 	C:\WINDOWS\System32\WS2_32.dll
0x00007ffa6dbf0000 - 0x00007ffa6dc1b000 	C:\WINDOWS\SYSTEM32\WINMMBASE.dll
0x00007ffa701b0000 - 0x00007ffa701f2000 	C:\WINDOWS\System32\cfgmgr32.dll
0x0000000054000000 - 0x000000005400f000 	C:\Program Files\Java\jdk1.8.0_111\jre\bin\verify.dll
0x0000000053fd0000 - 0x0000000053ff9000 	C:\Program Files\Java\jdk1.8.0_111\jre\bin\java.dll
0x0000000053fb0000 - 0x0000000053fc6000 	C:\Program Files\Java\jdk1.8.0_111\jre\bin\zip.dll
0x00007ffa71440000 - 0x00007ffa72949000 	C:\WINDOWS\System32\SHELL32.dll
0x00007ffa6f7b0000 - 0x00007ffa6fe8a000 	C:\WINDOWS\System32\windows.storage.dll
0x00007ffa6f760000 - 0x00007ffa6f7ac000 	C:\WINDOWS\System32\powrprof.dll
0x00007ffa72ae0000 - 0x00007ffa72b32000 	C:\WINDOWS\System32\shlwapi.dll
0x00007ffa6f750000 - 0x00007ffa6f75f000 	C:\WINDOWS\System32\kernel.appcore.dll
0x00007ffa70200000 - 0x00007ffa702a9000 	C:\WINDOWS\System32\shcore.dll
0x00007ffa6f720000 - 0x00007ffa6f734000 	C:\WINDOWS\System32\profapi.dll
0x00000000539a0000 - 0x0000000053b38000 	C:\Program Files\Java\jdk1.8.0_111\jre\bin\awt.dll
0x00007ffa71380000 - 0x00007ffa7143f000 	C:\WINDOWS\System32\OLEAUT32.dll
0x00007ffa6fef0000 - 0x00007ffa6ff8c000 	C:\WINDOWS\System32\msvcp_win.dll
0x00007ffa6db40000 - 0x00007ffa6dbba000 	C:\WINDOWS\SYSTEM32\apphelp.dll
0x00007ffa6dea0000 - 0x00007ffa6df35000 	C:\WINDOWS\system32\uxtheme.dll
0x00007ffa70af0000 - 0x00007ffa70c4a000 	C:\WINDOWS\System32\MSCTF.dll
0x00007ffa6dc60000 - 0x00007ffa6dc86000 	C:\WINDOWS\system32\dwmapi.dll
0x00007ffa71190000 - 0x00007ffa712c7000 	C:\WINDOWS\System32\ole32.dll
0x0000000053e20000 - 0x0000000053e67000 	C:\Program Files\Java\jdk1.8.0_111\jre\bin\fontmanager.dll
0x00007ffa46d60000 - 0x00007ffa46eed000 	C:\WINDOWS\system32\d3d9.dll
0x00007ffa3ca00000 - 0x00007ffa3da0f000 	C:\WINDOWS\System32\DriverStore\FileRepository\nv_dispi.inf_amd64_0cc477a6fec64d8c\nvd3dumx.dll
0x00007ffa646e0000 - 0x00007ffa648b1000 	C:\WINDOWS\system32\nvspcap64.dll
0x00007ffa70cc0000 - 0x00007ffa710e9000 	C:\WINDOWS\System32\SETUPAPI.dll
0x00007ffa6c3c0000 - 0x00007ffa6c48d000 	C:\WINDOWS\SYSTEM32\WINHTTP.dll
0x00007ffa6cec0000 - 0x00007ffa6ced3000 	C:\WINDOWS\SYSTEM32\WTSAPI32.dll
0x00007ffa68e00000 - 0x00007ffa6921e000 	C:\WINDOWS\system32\nvapi64.dll
0x00007ffa6e6a0000 - 0x00007ffa6e73f000 	C:\WINDOWS\SYSTEM32\dxgi.dll
0x00007ffa6e3e0000 - 0x00007ffa6e408000 	C:\WINDOWS\SYSTEM32\DEVOBJ.dll
0x00007ffa6fe90000 - 0x00007ffa6fee5000 	C:\WINDOWS\System32\WINTRUST.dll
0x00007ffa6f740000 - 0x00007ffa6f750000 	C:\WINDOWS\System32\MSASN1.dll
0x00007ffa703b0000 - 0x00007ffa70579000 	C:\WINDOWS\System32\CRYPT32.dll
0x00007ffa60940000 - 0x00007ffa60ad2000 	C:\WINDOWS\SYSTEM32\dbghelp.dll

VM Arguments:
jvm_args: -Dfile.encoding=UTF-8 
java_command: codigo.Ventana
java_class_path (initial): E:\COLEGIO DOCUMENTOS\Netbeans entorno de trabajo\CopterRojo5\build\classes
Launcher Type: SUN_STANDARD

Environment Variables:
PATH=C:\ProgramData\Oracle\Java\javapath;C:\Program Files (x86)\Common Files\Intel\Shared Libraries\redist\intel64\compiler;C:\Windows\system32;C:\Windows;C:\Windows\System32\Wbem;C:\Windows\System32\WindowsPowerShell\v1.0\;C:\Program Files (x86)\NVIDIA Corporation\PhysX\Common;C:\Program Files (x86)\Skype\Phone\;C:\WINDOWS\system32;C:\WINDOWS;C:\WINDOWS\System32\Wbem;C:\WINDOWS\System32\WindowsPowerShell\v1.0\;E:\Angular 2\nodeJS\;C:\Program Files (x86)\GtkSharp\2.12\bin;C:\Program Files (x86)\Windows Live\Shared;E:\Programas\PuTTY\;C:\Users\Usuario\AppData\Local\Microsoft\WindowsApps;C:\Users\Usuario\AppData\Roaming\npm
USERNAME=Usuario
OS=Windows_NT
PROCESSOR_IDENTIFIER=Intel64 Family 6 Model 94 Stepping 3, GenuineIntel



---------------  S Y S T E M  ---------------

OS: Windows 10.0 , 64 bit Build 14393 (10.0.14393.0)

CPU:total 4 (4 cores per cpu, 1 threads per core) family 6 model 94 stepping 3, cmov, cx8, fxsr, mmx, sse, sse2, sse3, ssse3, sse4.1, sse4.2, popcnt, avx, avx2, aes, clmul, erms, rtm, 3dnowpref, lzcnt, tsc, tscinvbit, bmi1, bmi2, adx

Memory: 4k page, physical 16712304k(8528884k free), swap 26653112k(2914848k free)

vm_info: Java HotSpot(TM) 64-Bit Server VM (25.111-b14) for windows-amd64 JRE (1.8.0_111-b14), built on Sep 22 2016 19:24:05 by "java_re" with MS VC++ 10.0 (VS2010)

time: Tue Mar 21 20:07:35 2017
elapsed time: 0 seconds (0d 0h 0m 0s)

